android/build/intermediates/manifest_merge_blame_file/debug/manifest-merger-blame-debug-report.txt
1<?xml version="1.0" encoding="utf-8"?>
2<manifest xmlns:android="http://schemas.android.com/apk/res/android"
3    package="com.beefe.picker" >
4
5    <uses-sdk
6        android:minSdkVersion="16"
6-->src/main/AndroidManifest.xml
7        android:targetSdkVersion="27" />
7-->src/main/AndroidManifest.xml
8
9    <uses-permission android:name="android.permission.SYSTEM_ALERT_WINDOW" />
9-->src/main/AndroidManifest.xml:2:7-79
9-->src/main/AndroidManifest.xml:2:24-77
10
11</manifest>